<!DOCTYPE html PUBLIC "-//W3C//DTD XHTML 1.1//EN" "https://www.w3.org/TR/xhtml11/DTD/xhtml11.dtd">
<html xmlns="https://www.w3.org/1999/xhtml">
<head>
<meta http-equiv="content-type" content="text/html; charset=UTF-8"/>
<title>TestNG Report</title>
<style type="text/css">table {margin-bottom:10px;border-collapse:collapse;empty-cells:show}th,td {border:1px solid #009;padding:.25em .5em}th {vertical-align:bottom}td {vertical-align:top}table a {font-weight:bold}.stripe td {background-color: #E6EBF9}.num {text-align:right}.passedodd td {background-color: #3F3}.passedeven td {background-color: #0A0}.skippedodd td {background-color: #DDD}.skippedeven td {background-color: #CCC}.failedodd td,.attn {background-color: #F33}.failedeven td,.stripe .attn {background-color: #D00}.stacktrace {white-space:pre;font-family:monospace}.totop {font-size:85%;text-align:center;border-bottom:2px solid #000}.invisible {display:none}</style>
</head>
<body>
<table>
<tr><th>Test</th><th># Passed</th><th># Skipped</th><th># Retried</th><th># Failed</th><th>Time (ms)</th><th>Included Groups</th><th>Excluded Groups</th></tr>
<tr><th colspan="8">Suite</th></tr>
<tr><td><a href="#t0">ChromeTest</a></td><td class="num">0</td><td class="num attn">4</td><td class="num">0</td><td class="num">0</td><td class="num">6,016</td><td></td><td></td></tr>
<tr class="stripe"><td><a href="#t1">FirefoxTest</a></td><td class="num">4</td><td class="num">0</td><td class="num">0</td><td class="num">0</td><td class="num">71,413</td><td></td><td></td></tr>
<tr><td><a href="#t2">OperaTest</a></td><td class="num">2</td><td class="num">0</td><td class="num">0</td><td class="num attn">2</td><td class="num">74,075</td><td></td><td></td></tr>
<tr><th>Total</th><th class="num">6</th><th class="num attn">4</th><th class="num">0</th><th class="num attn">2</th><th class="num">151,504</th><th colspan="2"></th></tr>
</table>
<table id='summary'><thead><tr><th>Class</th><th>Method</th><th>Start</th><th>Time (ms)</th></tr></thead><tbody><tr><th colspan="4">Suite</th></tr></tbody><tbody id="t0"><tr><th colspan="4">ChromeTest &#8212; failed (configuration methods)</th></tr><tr class="failedeven"><td rowspan="1">testPkg.TestNgAdditionalCalculator</td><td><a href="#m0">OpenBrowser</a></td><td rowspan="1">1675830028742</td><td rowspan="1">5699</td></tr><tr><th colspan="4">ChromeTest &#8212; skipped (configuration methods)</th></tr><tr class="skippedeven"><td rowspan="3">testPkg.TestNgAdditionalCalculator</td><td><a href="#m1">closeCalci</a></td><td rowspan="1">1675830034722</td><td rowspan="1">-1675830034722</td></tr><tr class="skippedeven"><td><a href="#m2">closetest</a></td><td rowspan="1">1675830034729</td><td rowspan="1">-1675830034729</td></tr><tr class="skippedeven"><td><a href="#m3">launchBrowser</a></td><td rowspan="1">1675830034705</td><td rowspan="1">-1675830034705</td></tr><tr class="skippedodd"><td rowspan="4">testPkg.TestNgMathsCalculator</td><td><a href="#m4">OpenBrowser</a></td><td rowspan="1">1675830034487</td><td rowspan="1">-1675830034487</td></tr><tr class="skippedodd"><td><a href="#m5">closeCalci</a></td><td rowspan="1">1675830034700</td><td rowspan="1">-1675830034700</td></tr><tr class="skippedodd"><td><a href="#m6">closetest</a></td><td rowspan="1">1675830034733</td><td rowspan="1">-1675830034733</td></tr><tr class="skippedodd"><td><a href="#m7">launchBrowser</a></td><td rowspan="1">1675830034684</td><td rowspan="1">-1675830034684</td></tr><tr class="skippedeven"><td rowspan="4">testPkg.TestNgOnlineCalculator</td><td><a href="#m8">OpenBrowser</a></td><td rowspan="1">1675830034497</td><td rowspan="1">-1675830034497</td></tr><tr class="skippedeven"><td><a href="#m9">closeCalci</a></td><td rowspan="1">1675830034667</td><td rowspan="1">-1675830034667</td></tr><tr class="skippedeven"><td><a href="#m10">closetest</a></td><td rowspan="1">1675830034735</td><td rowspan="1">-1675830034735</td></tr><tr class="skippedeven"><td><a href="#m11">launchBrowser</a></td><td rowspan="1">1675830034654</td><td rowspan="1">-1675830034654</td></tr><tr class="skippedodd"><td rowspan="4">testPkg.TestNgStudyMaterial</td><td><a href="#m12">OpenBrowser</a></td><td rowspan="1">1675830034517</td><td rowspan="1">-1675830034517</td></tr><tr class="skippedodd"><td><a href="#m13">closeCalci</a></td><td rowspan="1">1675830034635</td><td rowspan="1">-1675830034635</td></tr><tr class="skippedodd"><td><a href="#m14">closetest</a></td><td rowspan="1">1675830034738</td><td rowspan="1">-1675830034738</td></tr><tr class="skippedodd"><td><a href="#m15">launchBrowser</a></td><td rowspan="1">1675830034606</td><td rowspan="1">-1675830034606</td></tr><tr><th colspan="4">ChromeTest &#8212; skipped</th></tr><tr class="skippedeven"><td rowspan="1">testPkg.TestNgAdditionalCalculator</td><td><a href="#m16">checkOnAdditionalCalci</a></td><td rowspan="1">1675830034708</td><td rowspan="1">0</td></tr><tr class="skippedodd"><td rowspan="1">testPkg.TestNgMathsCalculator</td><td><a href="#m17">checkOnAdditionalCalci</a></td><td rowspan="1">1675830034687</td><td rowspan="1">0</td></tr><tr class="skippedeven"><td rowspan="1">testPkg.TestNgOnlineCalculator</td><td><a href="#m18">checkOnAdditionalCalci</a></td><td rowspan="1">1675830034656</td><td rowspan="1">0</td></tr><tr class="skippedodd"><td rowspan="1">testPkg.TestNgStudyMaterial</td><td><a href="#m19">checkOnAdditionalCalci</a></td><td rowspan="1">1675830034611</td><td rowspan="1">0</td></tr></tbody>
<tbody id="t1"><tr><th colspan="4">FirefoxTest &#8212; passed</th></tr><tr class="passedeven"><td rowspan="1">testPkg.TestNgAdditionalCalculator</td><td><a href="#m20">checkOnAdditionalCalci</a></td><td rowspan="1">1675830103826</td><td rowspan="1">779</td></tr><tr class="passedodd"><td rowspan="1">testPkg.TestNgMathsCalculator</td><td><a href="#m21">checkOnAdditionalCalci</a></td><td rowspan="1">1675830096344</td><td rowspan="1">1815</td></tr><tr class="passedeven"><td rowspan="1">testPkg.TestNgOnlineCalculator</td><td><a href="#m22">checkOnAdditionalCalci</a></td><td rowspan="1">1675830087402</td><td rowspan="1">3011</td></tr><tr class="passedodd"><td rowspan="1">testPkg.TestNgStudyMaterial</td><td><a href="#m23">checkOnAdditionalCalci</a></td><td rowspan="1">1675830068937</td><td rowspan="1">12689</td></tr></tbody>
<tbody id="t2"><tr><th colspan="4">OperaTest &#8212; failed</th></tr><tr class="failedeven"><td rowspan="1">testPkg.TestNgAdditionalCalculator</td><td><a href="#m24">checkOnAdditionalCalci</a></td><td rowspan="1">1675830172276</td><td rowspan="1">5751</td></tr><tr class="failedodd"><td rowspan="1">testPkg.TestNgStudyMaterial</td><td><a href="#m25">checkOnAdditionalCalci</a></td><td rowspan="1">1675830139458</td><td rowspan="1">10507</td></tr><tr><th colspan="4">OperaTest &#8212; passed</th></tr><tr class="passedeven"><td rowspan="1">testPkg.TestNgMathsCalculator</td><td><a href="#m26">checkOnAdditionalCalci</a></td><td rowspan="1">1675830164226</td><td rowspan="1">2430</td></tr><tr class="passedodd"><td rowspan="1">testPkg.TestNgOnlineCalculator</td><td><a href="#m27">checkOnAdditionalCalci</a></td><td rowspan="1">1675830153606</td><td rowspan="1">5509</td></tr></tbody>
</table>
<h2>ChromeTest</h2><h3 id="m0">testPkg.TestNgAdditionalCalculator#OpenBrowser</h3><table class="result"><tr class="param"><th>Parameter #1</th></tr><tr class="param stripe"><td>Chrome</td></tr><tr><th>Exception</th></tr><tr><td><div class="stacktrace">org.openqa.selenium.SessionNotCreatedException: session not created: This version of ChromeDriver only supports Chrome version 108
Current browser version is 110.0.5481.77 with binary path C:\Program Files\Google\Chrome\Application\chrome.exe
Build info: version: &apos;3.141.59&apos;, revision: &apos;e82be7d358&apos;, time: &apos;2018-11-14T08:17:03&apos;
System info: host: &apos;DESKTOP-GU03B2P&apos;, ip: &apos;192.168.96.111&apos;, os.name: &apos;Windows 10&apos;, os.arch: &apos;amd64&apos;, os.version: &apos;10.0&apos;, java.version: &apos;18.0.2.1&apos;
Driver info: driver.version: ChromeDriver
remote stacktrace: Backtrace:
	(No symbol) [0x00C6F243]
	(No symbol) [0x00BF7FD1]
	(No symbol) [0x00AED04D]
	(No symbol) [0x00B0F6B4]
	(No symbol) [0x00B0A97C]
	(No symbol) [0x00B082E9]
	(No symbol) [0x00B3F056]
	(No symbol) [0x00B3EB2A]
	(No symbol) [0x00B38386]
	(No symbol) [0x00B1163C]
	(No symbol) [0x00B1269D]
	GetHandleVerifier [0x00F09A22+2655074]
	GetHandleVerifier [0x00EFCA24+2601828]
	GetHandleVerifier [0x00D18C0A+619850]
	GetHandleVerifier [0x00D17830+614768]
	(No symbol) [0x00C005FC]
	(No symbol) [0x00C05968]
	(No symbol) [0x00C05A55]
	(No symbol) [0x00C1051B]
	BaseThreadInitThunk [0x754800F9+25]
	RtlGetAppContainerNamedObjectPath [0x77367BBE+286]
	RtlGetAppContainerNamedObjectPath [0x77367B8E+238]

	at org.openqa.selenium.remote.W3CHandshakeResponse.lambda$errorHandler$0(W3CHandshakeResponse.java:62)
	at org.openqa.selenium.remote.HandshakeResponse.lambda$getResponseFunction$0(HandshakeResponse.java:30)
	at org.openqa.selenium.remote.ProtocolHandshake.lambda$createSession$0(ProtocolHandshake.java:126)
	at java.base/java.util.stream.ReferencePipeline$3$1.accept(ReferencePipeline.java:197)
	at java.base/java.util.Spliterators$ArraySpliterator.tryAdvance(Spliterators.java:1002)
	at java.base/java.util.stream.ReferencePipeline.forEachWithCancel(ReferencePipeline.java:129)
	at java.base/java.util.stream.AbstractPipeline.copyIntoWithCancel(AbstractPipeline.java:527)
	at java.base/java.util.stream.AbstractPipeline.copyInto(AbstractPipeline.java:513)
	at java.base/java.util.stream.AbstractPipeline.wrapAndCopyInto(AbstractPipeline.java:499)
	at java.base/java.util.stream.FindOps$FindOp.evaluateSequential(FindOps.java:150)
	at java.base/java.util.stream.AbstractPipeline.evaluate(AbstractPipeline.java:234)
	at java.base/java.util.stream.ReferencePipeline.findFirst(ReferencePipeline.java:647)
	at org.openqa.selenium.remote.ProtocolHandshake.createSession(ProtocolHandshake.java:128)
	at org.openqa.selenium.remote.ProtocolHandshake.createSession(ProtocolHandshake.java:74)
	at org.openqa.selenium.remote.HttpCommandExecutor.execute(HttpCommandExecutor.java:136)
	at org.openqa.selenium.remote.service.DriverCommandExecutor.execute(DriverCommandExecutor.java:83)
	at org.openqa.selenium.remote.RemoteWebDriver.execute(RemoteWebDriver.java:552)
	at org.openqa.selenium.remote.RemoteWebDriver.startSession(RemoteWebDriver.java:213)
	at org.openqa.selenium.remote.RemoteWebDriver.&lt;init&gt;(RemoteWebDriver.java:131)
	at org.openqa.selenium.chrome.ChromeDriver.&lt;init&gt;(ChromeDriver.java:181)
	at org.openqa.selenium.chrome.ChromeDriver.&lt;init&gt;(ChromeDriver.java:168)
	at org.openqa.selenium.chrome.ChromeDriver.&lt;init&gt;(ChromeDriver.java:123)
	at testPkg.TestNgAdditionalCalculator.OpenBrowser(TestNgAdditionalCalculator.java:32)
... Removed 25 stack frames</div></td></tr></table><p class="totop"><a href="#summary">back to summary</a></p>
<h3 id="m1">testPkg.TestNgAdditionalCalculator#closeCalci</h3><table class="result"><tr><th class="invisible"/></tr></table><p class="totop"><a href="#summary">back to summary</a></p>
<h3 id="m2">testPkg.TestNgAdditionalCalculator#closetest</h3><table class="result"><tr><th class="invisible"/></tr></table><p class="totop"><a href="#summary">back to summary</a></p>
<h3 id="m3">testPkg.TestNgAdditionalCalculator#launchBrowser</h3><table class="result"><tr><th class="invisible"/></tr></table><p class="totop"><a href="#summary">back to summary</a></p>
<h3 id="m4">testPkg.TestNgMathsCalculator#OpenBrowser</h3><table class="result"><tr><th class="invisible"/></tr></table><p class="totop"><a href="#summary">back to summary</a></p>
<h3 id="m5">testPkg.TestNgMathsCalculator#closeCalci</h3><table class="result"><tr><th class="invisible"/></tr></table><p class="totop"><a href="#summary">back to summary</a></p>
<h3 id="m6">testPkg.TestNgMathsCalculator#closetest</h3><table class="result"><tr><th class="invisible"/></tr></table><p class="totop"><a href="#summary">back to summary</a></p>
<h3 id="m7">testPkg.TestNgMathsCalculator#launchBrowser</h3><table class="result"><tr><th class="invisible"/></tr></table><p class="totop"><a href="#summary">back to summary</a></p>
<h3 id="m8">testPkg.TestNgOnlineCalculator#OpenBrowser</h3><table class="result"><tr><th class="invisible"/></tr></table><p class="totop"><a href="#summary">back to summary</a></p>
<h3 id="m9">testPkg.TestNgOnlineCalculator#closeCalci</h3><table class="result"><tr><th class="invisible"/></tr></table><p class="totop"><a href="#summary">back to summary</a></p>
<h3 id="m10">testPkg.TestNgOnlineCalculator#closetest</h3><table class="result"><tr><th class="invisible"/></tr></table><p class="totop"><a href="#summary">back to summary</a></p>
<h3 id="m11">testPkg.TestNgOnlineCalculator#launchBrowser</h3><table class="result"><tr><th class="invisible"/></tr></table><p class="totop"><a href="#summary">back to summary</a></p>
<h3 id="m12">testPkg.TestNgStudyMaterial#OpenBrowser</h3><table class="result"><tr><th class="invisible"/></tr></table><p class="totop"><a href="#summary">back to summary</a></p>
<h3 id="m13">testPkg.TestNgStudyMaterial#closeCalci</h3><table class="result"><tr><th class="invisible"/></tr></table><p class="totop"><a href="#summary">back to summary</a></p>
<h3 id="m14">testPkg.TestNgStudyMaterial#closetest</h3><table class="result"><tr><th class="invisible"/></tr></table><p class="totop"><a href="#summary">back to summary</a></p>
<h3 id="m15">testPkg.TestNgStudyMaterial#launchBrowser</h3><table class="result"><tr><th class="invisible"/></tr></table><p class="totop"><a href="#summary">back to summary</a></p>
<h3 id="m16">testPkg.TestNgAdditionalCalculator#checkOnAdditionalCalci</h3><table class="result"><tr><th>Exception</th></tr><tr><td><div class="stacktrace">org.openqa.selenium.SessionNotCreatedException: session not created: This version of ChromeDriver only supports Chrome version 108
Current browser version is 110.0.5481.77 with binary path C:\Program Files\Google\Chrome\Application\chrome.exe
Build info: version: &apos;3.141.59&apos;, revision: &apos;e82be7d358&apos;, time: &apos;2018-11-14T08:17:03&apos;
System info: host: &apos;DESKTOP-GU03B2P&apos;, ip: &apos;192.168.96.111&apos;, os.name: &apos;Windows 10&apos;, os.arch: &apos;amd64&apos;, os.version: &apos;10.0&apos;, java.version: &apos;18.0.2.1&apos;
Driver info: driver.version: ChromeDriver
remote stacktrace: Backtrace:
	(No symbol) [0x00C6F243]
	(No symbol) [0x00BF7FD1]
	(No symbol) [0x00AED04D]
	(No symbol) [0x00B0F6B4]
	(No symbol) [0x00B0A97C]
	(No symbol) [0x00B082E9]
	(No symbol) [0x00B3F056]
	(No symbol) [0x00B3EB2A]
	(No symbol) [0x00B38386]
	(No symbol) [0x00B1163C]
	(No symbol) [0x00B1269D]
	GetHandleVerifier [0x00F09A22+2655074]
	GetHandleVerifier [0x00EFCA24+2601828]
	GetHandleVerifier [0x00D18C0A+619850]
	GetHandleVerifier [0x00D17830+614768]
	(No symbol) [0x00C005FC]
	(No symbol) [0x00C05968]
	(No symbol) [0x00C05A55]
	(No symbol) [0x00C1051B]
	BaseThreadInitThunk [0x754800F9+25]
	RtlGetAppContainerNamedObjectPath [0x77367BBE+286]
	RtlGetAppContainerNamedObjectPath [0x77367B8E+238]

	at org.openqa.selenium.remote.W3CHandshakeResponse.lambda$errorHandler$0(W3CHandshakeResponse.java:62)
	at org.openqa.selenium.remote.HandshakeResponse.lambda$getResponseFunction$0(HandshakeResponse.java:30)
	at org.openqa.selenium.remote.ProtocolHandshake.lambda$createSession$0(ProtocolHandshake.java:126)
	at java.base/java.util.stream.ReferencePipeline$3$1.accept(ReferencePipeline.java:197)
	at java.base/java.util.Spliterators$ArraySpliterator.tryAdvance(Spliterators.java:1002)
	at java.base/java.util.stream.ReferencePipeline.forEachWithCancel(ReferencePipeline.java:129)
	at java.base/java.util.stream.AbstractPipeline.copyIntoWithCancel(AbstractPipeline.java:527)
	at java.base/java.util.stream.AbstractPipeline.copyInto(AbstractPipeline.java:513)
	at java.base/java.util.stream.AbstractPipeline.wrapAndCopyInto(AbstractPipeline.java:499)
	at java.base/java.util.stream.FindOps$FindOp.evaluateSequential(FindOps.java:150)
	at java.base/java.util.stream.AbstractPipeline.evaluate(AbstractPipeline.java:234)
	at java.base/java.util.stream.ReferencePipeline.findFirst(ReferencePipeline.java:647)
	at org.openqa.selenium.remote.ProtocolHandshake.createSession(ProtocolHandshake.java:128)
	at org.openqa.selenium.remote.ProtocolHandshake.createSession(ProtocolHandshake.java:74)
	at org.openqa.selenium.remote.HttpCommandExecutor.execute(HttpCommandExecutor.java:136)
	at org.openqa.selenium.remote.service.DriverCommandExecutor.execute(DriverCommandExecutor.java:83)
	at org.openqa.selenium.remote.RemoteWebDriver.execute(RemoteWebDriver.java:552)
	at org.openqa.selenium.remote.RemoteWebDriver.startSession(RemoteWebDriver.java:213)
	at org.openqa.selenium.remote.RemoteWebDriver.&lt;init&gt;(RemoteWebDriver.java:131)
	at org.openqa.selenium.chrome.ChromeDriver.&lt;init&gt;(ChromeDriver.java:181)
	at org.openqa.selenium.chrome.ChromeDriver.&lt;init&gt;(ChromeDriver.java:168)
	at org.openqa.selenium.chrome.ChromeDriver.&lt;init&gt;(ChromeDriver.java:123)
	at testPkg.TestNgAdditionalCalculator.OpenBrowser(TestNgAdditionalCalculator.java:32)
... Removed 25 stack frames</div></td></tr></table><p class="totop"><a href="#summary">back to summary</a></p>
<h3 id="m17">testPkg.TestNgMathsCalculator#checkOnAdditionalCalci</h3><table class="result"><tr><th>Exception</th></tr><tr><td><div class="stacktrace">org.openqa.selenium.SessionNotCreatedException: session not created: This version of ChromeDriver only supports Chrome version 108
Current browser version is 110.0.5481.77 with binary path C:\Program Files\Google\Chrome\Application\chrome.exe
Build info: version: &apos;3.141.59&apos;, revision: &apos;e82be7d358&apos;, time: &apos;2018-11-14T08:17:03&apos;
System info: host: &apos;DESKTOP-GU03B2P&apos;, ip: &apos;192.168.96.111&apos;, os.name: &apos;Windows 10&apos;, os.arch: &apos;amd64&apos;, os.version: &apos;10.0&apos;, java.version: &apos;18.0.2.1&apos;
Driver info: driver.version: ChromeDriver
remote stacktrace: Backtrace:
	(No symbol) [0x00C6F243]
	(No symbol) [0x00BF7FD1]
	(No symbol) [0x00AED04D]
	(No symbol) [0x00B0F6B4]
	(No symbol) [0x00B0A97C]
	(No symbol) [0x00B082E9]
	(No symbol) [0x00B3F056]
	(No symbol) [0x00B3EB2A]
	(No symbol) [0x00B38386]
	(No symbol) [0x00B1163C]
	(No symbol) [0x00B1269D]
	GetHandleVerifier [0x00F09A22+2655074]
	GetHandleVerifier [0x00EFCA24+2601828]
	GetHandleVerifier [0x00D18C0A+619850]
	GetHandleVerifier [0x00D17830+614768]
	(No symbol) [0x00C005FC]
	(No symbol) [0x00C05968]
	(No symbol) [0x00C05A55]
	(No symbol) [0x00C1051B]
	BaseThreadInitThunk [0x754800F9+25]
	RtlGetAppContainerNamedObjectPath [0x77367BBE+286]
	RtlGetAppContainerNamedObjectPath [0x77367B8E+238]

	at org.openqa.selenium.remote.W3CHandshakeResponse.lambda$errorHandler$0(W3CHandshakeResponse.java:62)
	at org.openqa.selenium.remote.HandshakeResponse.lambda$getResponseFunction$0(HandshakeResponse.java:30)
	at org.openqa.selenium.remote.ProtocolHandshake.lambda$createSession$0(ProtocolHandshake.java:126)
	at java.base/java.util.stream.ReferencePipeline$3$1.accept(ReferencePipeline.java:197)
	at java.base/java.util.Spliterators$ArraySpliterator.tryAdvance(Spliterators.java:1002)
	at java.base/java.util.stream.ReferencePipeline.forEachWithCancel(ReferencePipeline.java:129)
	at java.base/java.util.stream.AbstractPipeline.copyIntoWithCancel(AbstractPipeline.java:527)
	at java.base/java.util.stream.AbstractPipeline.copyInto(AbstractPipeline.java:513)
	at java.base/java.util.stream.AbstractPipeline.wrapAndCopyInto(AbstractPipeline.java:499)
	at java.base/java.util.stream.FindOps$FindOp.evaluateSequential(FindOps.java:150)
	at java.base/java.util.stream.AbstractPipeline.evaluate(AbstractPipeline.java:234)
	at java.base/java.util.stream.ReferencePipeline.findFirst(ReferencePipeline.java:647)
	at org.openqa.selenium.remote.ProtocolHandshake.createSession(ProtocolHandshake.java:128)
	at org.openqa.selenium.remote.ProtocolHandshake.createSession(ProtocolHandshake.java:74)
	at org.openqa.selenium.remote.HttpCommandExecutor.execute(HttpCommandExecutor.java:136)
	at org.openqa.selenium.remote.service.DriverCommandExecutor.execute(DriverCommandExecutor.java:83)
	at org.openqa.selenium.remote.RemoteWebDriver.execute(RemoteWebDriver.java:552)
	at org.openqa.selenium.remote.RemoteWebDriver.startSession(RemoteWebDriver.java:213)
	at org.openqa.selenium.remote.RemoteWebDriver.&lt;init&gt;(RemoteWebDriver.java:131)
	at org.openqa.selenium.chrome.ChromeDriver.&lt;init&gt;(ChromeDriver.java:181)
	at org.openqa.selenium.chrome.ChromeDriver.&lt;init&gt;(ChromeDriver.java:168)
	at org.openqa.selenium.chrome.ChromeDriver.&lt;init&gt;(ChromeDriver.java:123)
	at testPkg.TestNgAdditionalCalculator.OpenBrowser(TestNgAdditionalCalculator.java:32)
... Removed 25 stack frames</div></td></tr></table><p class="totop"><a href="#summary">back to summary</a></p>
<h3 id="m18">testPkg.TestNgOnlineCalculator#checkOnAdditionalCalci</h3><table class="result"><tr><th>Exception</th></tr><tr><td><div class="stacktrace">org.openqa.selenium.SessionNotCreatedException: session not created: This version of ChromeDriver only supports Chrome version 108
Current browser version is 110.0.5481.77 with binary path C:\Program Files\Google\Chrome\Application\chrome.exe
Build info: version: &apos;3.141.59&apos;, revision: &apos;e82be7d358&apos;, time: &apos;2018-11-14T08:17:03&apos;
System info: host: &apos;DESKTOP-GU03B2P&apos;, ip: &apos;192.168.96.111&apos;, os.name: &apos;Windows 10&apos;, os.arch: &apos;amd64&apos;, os.version: &apos;10.0&apos;, java.version: &apos;18.0.2.1&apos;
Driver info: driver.version: ChromeDriver
remote stacktrace: Backtrace:
	(No symbol) [0x00C6F243]
	(No symbol) [0x00BF7FD1]
	(No symbol) [0x00AED04D]
	(No symbol) [0x00B0F6B4]
	(No symbol) [0x00B0A97C]
	(No symbol) [0x00B082E9]
	(No symbol) [0x00B3F056]
	(No symbol) [0x00B3EB2A]
	(No symbol) [0x00B38386]
	(No symbol) [0x00B1163C]
	(No symbol) [0x00B1269D]
	GetHandleVerifier [0x00F09A22+2655074]
	GetHandleVerifier [0x00EFCA24+2601828]
	GetHandleVerifier [0x00D18C0A+619850]
	GetHandleVerifier [0x00D17830+614768]
	(No symbol) [0x00C005FC]
	(No symbol) [0x00C05968]
	(No symbol) [0x00C05A55]
	(No symbol) [0x00C1051B]
	BaseThreadInitThunk [0x754800F9+25]
	RtlGetAppContainerNamedObjectPath [0x77367BBE+286]
	RtlGetAppContainerNamedObjectPath [0x77367B8E+238]

	at org.openqa.selenium.remote.W3CHandshakeResponse.lambda$errorHandler$0(W3CHandshakeResponse.java:62)
	at org.openqa.selenium.remote.HandshakeResponse.lambda$getResponseFunction$0(HandshakeResponse.java:30)
	at org.openqa.selenium.remote.ProtocolHandshake.lambda$createSession$0(ProtocolHandshake.java:126)
	at java.base/java.util.stream.ReferencePipeline$3$1.accept(ReferencePipeline.java:197)
	at java.base/java.util.Spliterators$ArraySpliterator.tryAdvance(Spliterators.java:1002)
	at java.base/java.util.stream.ReferencePipeline.forEachWithCancel(ReferencePipeline.java:129)
	at java.base/java.util.stream.AbstractPipeline.copyIntoWithCancel(AbstractPipeline.java:527)
	at java.base/java.util.stream.AbstractPipeline.copyInto(AbstractPipeline.java:513)
	at java.base/java.util.stream.AbstractPipeline.wrapAndCopyInto(AbstractPipeline.java:499)
	at java.base/java.util.stream.FindOps$FindOp.evaluateSequential(FindOps.java:150)
	at java.base/java.util.stream.AbstractPipeline.evaluate(AbstractPipeline.java:234)
	at java.base/java.util.stream.ReferencePipeline.findFirst(ReferencePipeline.java:647)
	at org.openqa.selenium.remote.ProtocolHandshake.createSession(ProtocolHandshake.java:128)
	at org.openqa.selenium.remote.ProtocolHandshake.createSession(ProtocolHandshake.java:74)
	at org.openqa.selenium.remote.HttpCommandExecutor.execute(HttpCommandExecutor.java:136)
	at org.openqa.selenium.remote.service.DriverCommandExecutor.execute(DriverCommandExecutor.java:83)
	at org.openqa.selenium.remote.RemoteWebDriver.execute(RemoteWebDriver.java:552)
	at org.openqa.selenium.remote.RemoteWebDriver.startSession(RemoteWebDriver.java:213)
	at org.openqa.selenium.remote.RemoteWebDriver.&lt;init&gt;(RemoteWebDriver.java:131)
	at org.openqa.selenium.chrome.ChromeDriver.&lt;init&gt;(ChromeDriver.java:181)
	at org.openqa.selenium.chrome.ChromeDriver.&lt;init&gt;(ChromeDriver.java:168)
	at org.openqa.selenium.chrome.ChromeDriver.&lt;init&gt;(ChromeDriver.java:123)
	at testPkg.TestNgAdditionalCalculator.OpenBrowser(TestNgAdditionalCalculator.java:32)
... Removed 25 stack frames</div></td></tr></table><p class="totop"><a href="#summary">back to summary</a></p>
<h3 id="m19">testPkg.TestNgStudyMaterial#checkOnAdditionalCalci</h3><table class="result"><tr><th>Exception</th></tr><tr><td><div class="stacktrace">org.openqa.selenium.SessionNotCreatedException: session not created: This version of ChromeDriver only supports Chrome version 108
Current browser version is 110.0.5481.77 with binary path C:\Program Files\Google\Chrome\Application\chrome.exe
Build info: version: &apos;3.141.59&apos;, revision: &apos;e82be7d358&apos;, time: &apos;2018-11-14T08:17:03&apos;
System info: host: &apos;DESKTOP-GU03B2P&apos;, ip: &apos;192.168.96.111&apos;, os.name: &apos;Windows 10&apos;, os.arch: &apos;amd64&apos;, os.version: &apos;10.0&apos;, java.version: &apos;18.0.2.1&apos;
Driver info: driver.version: ChromeDriver
remote stacktrace: Backtrace:
	(No symbol) [0x00C6F243]
	(No symbol) [0x00BF7FD1]
	(No symbol) [0x00AED04D]
	(No symbol) [0x00B0F6B4]
	(No symbol) [0x00B0A97C]
	(No symbol) [0x00B082E9]
	(No symbol) [0x00B3F056]
	(No symbol) [0x00B3EB2A]
	(No symbol) [0x00B38386]
	(No symbol) [0x00B1163C]
	(No symbol) [0x00B1269D]
	GetHandleVerifier [0x00F09A22+2655074]
	GetHandleVerifier [0x00EFCA24+2601828]
	GetHandleVerifier [0x00D18C0A+619850]
	GetHandleVerifier [0x00D17830+614768]
	(No symbol) [0x00C005FC]
	(No symbol) [0x00C05968]
	(No symbol) [0x00C05A55]
	(No symbol) [0x00C1051B]
	BaseThreadInitThunk [0x754800F9+25]
	RtlGetAppContainerNamedObjectPath [0x77367BBE+286]
	RtlGetAppContainerNamedObjectPath [0x77367B8E+238]

	at org.openqa.selenium.remote.W3CHandshakeResponse.lambda$errorHandler$0(W3CHandshakeResponse.java:62)
	at org.openqa.selenium.remote.HandshakeResponse.lambda$getResponseFunction$0(HandshakeResponse.java:30)
	at org.openqa.selenium.remote.ProtocolHandshake.lambda$createSession$0(ProtocolHandshake.java:126)
	at java.base/java.util.stream.ReferencePipeline$3$1.accept(ReferencePipeline.java:197)
	at java.base/java.util.Spliterators$ArraySpliterator.tryAdvance(Spliterators.java:1002)
	at java.base/java.util.stream.ReferencePipeline.forEachWithCancel(ReferencePipeline.java:129)
	at java.base/java.util.stream.AbstractPipeline.copyIntoWithCancel(AbstractPipeline.java:527)
	at java.base/java.util.stream.AbstractPipeline.copyInto(AbstractPipeline.java:513)
	at java.base/java.util.stream.AbstractPipeline.wrapAndCopyInto(AbstractPipeline.java:499)
	at java.base/java.util.stream.FindOps$FindOp.evaluateSequential(FindOps.java:150)
	at java.base/java.util.stream.AbstractPipeline.evaluate(AbstractPipeline.java:234)
	at java.base/java.util.stream.ReferencePipeline.findFirst(ReferencePipeline.java:647)
	at org.openqa.selenium.remote.ProtocolHandshake.createSession(ProtocolHandshake.java:128)
	at org.openqa.selenium.remote.ProtocolHandshake.createSession(ProtocolHandshake.java:74)
	at org.openqa.selenium.remote.HttpCommandExecutor.execute(HttpCommandExecutor.java:136)
	at org.openqa.selenium.remote.service.DriverCommandExecutor.execute(DriverCommandExecutor.java:83)
	at org.openqa.selenium.remote.RemoteWebDriver.execute(RemoteWebDriver.java:552)
	at org.openqa.selenium.remote.RemoteWebDriver.startSession(RemoteWebDriver.java:213)
	at org.openqa.selenium.remote.RemoteWebDriver.&lt;init&gt;(RemoteWebDriver.java:131)
	at org.openqa.selenium.chrome.ChromeDriver.&lt;init&gt;(ChromeDriver.java:181)
	at org.openqa.selenium.chrome.ChromeDriver.&lt;init&gt;(ChromeDriver.java:168)
	at org.openqa.selenium.chrome.ChromeDriver.&lt;init&gt;(ChromeDriver.java:123)
	at testPkg.TestNgAdditionalCalculator.OpenBrowser(TestNgAdditionalCalculator.java:32)
... Removed 25 stack frames</div></td></tr></table><p class="totop"><a href="#summary">back to summary</a></p>
<h2>FirefoxTest</h2><h3 id="m20">testPkg.TestNgAdditionalCalculator#checkOnAdditionalCalci</h3><table class="result"><tr><th class="invisible"/></tr></table><p class="totop"><a href="#summary">back to summary</a></p>
<h3 id="m21">testPkg.TestNgMathsCalculator#checkOnAdditionalCalci</h3><table class="result"><tr><th class="invisible"/></tr></table><p class="totop"><a href="#summary">back to summary</a></p>
<h3 id="m22">testPkg.TestNgOnlineCalculator#checkOnAdditionalCalci</h3><table class="result"><tr><th class="invisible"/></tr></table><p class="totop"><a href="#summary">back to summary</a></p>
<h3 id="m23">testPkg.TestNgStudyMaterial#checkOnAdditionalCalci</h3><table class="result"><tr><th class="invisible"/></tr></table><p class="totop"><a href="#summary">back to summary</a></p>
<h2>OperaTest</h2><h3 id="m24">testPkg.TestNgAdditionalCalculator#checkOnAdditionalCalci</h3><table class="result"><tr><th>Exception</th></tr><tr><td><div class="stacktrace">org.openqa.selenium.ElementNotVisibleException: element not interactable
  (Session info: chrome=109.0.5414.120)
  (Driver info: operadriver=109.0.5414.120 (168eebf2055fd26ca8c71787b7b3f9fe7c90d13d-refs/branch-heads/5414@{#1459}),platform=Windows NT 10.0.19045 x86_64) (WARNING: The server did not provide any stacktrace information)
Command duration or timeout: 0 milliseconds
Build info: version: &apos;3.141.59&apos;, revision: &apos;e82be7d358&apos;, time: &apos;2018-11-14T08:17:03&apos;
System info: host: &apos;DESKTOP-GU03B2P&apos;, ip: &apos;192.168.96.111&apos;, os.name: &apos;Windows 10&apos;, os.arch: &apos;amd64&apos;, os.version: &apos;10.0&apos;, java.version: &apos;18.0.2.1&apos;
Driver info: org.openqa.selenium.opera.OperaDriver
Capabilities {acceptInsecureCerts: false, acceptSslCerts: false, browserConnectionEnabled: false, browserName: opera, cssSelectorsEnabled: true, databaseEnabled: false, goog:chromeOptions: {debuggerAddress: localhost:52099}, handlesAlerts: true, hasTouchScreen: false, javascriptEnabled: true, locationContextEnabled: true, mobileEmulationEnabled: false, nativeEvents: true, networkConnectionEnabled: false, opera: {operadriverVersion: 109.0.5414.120 (168eebf2055..., userDataDir: C:\Users\Admin\AppData\Loca...}, pageLoadStrategy: normal, platform: WINDOWS, platformName: WINDOWS, proxy: Proxy(), rotatable: false, setWindowRect: true, strictFileInteractability: false, takesHeapSnapshot: true, takesScreenshot: true, timeouts: {implicit: 0, pageLoad: 300000, script: 30000}, unexpectedAlertBehaviour: ignore, unhandledPromptBehavior: ignore, version: 109.0.5414.120, webStorageEnabled: true, webauthn:extension:credBlob: true, webauthn:extension:largeBlob: true, webauthn:virtualAuthenticators: true}
Session ID: ed0a0429b91a4dbcbe2bb552d42fe33e
	at org.openqa.selenium.remote.ErrorHandler.createThrowable(ErrorHandler.java:214)
	at org.openqa.selenium.remote.ErrorHandler.throwIfResponseFailed(ErrorHandler.java:166)
	at org.openqa.selenium.remote.http.JsonHttpResponseCodec.reconstructValue(JsonHttpResponseCodec.java:40)
	at org.openqa.selenium.remote.http.AbstractHttpResponseCodec.decode(AbstractHttpResponseCodec.java:80)
	at org.openqa.selenium.remote.http.AbstractHttpResponseCodec.decode(AbstractHttpResponseCodec.java:44)
	at org.openqa.selenium.remote.HttpCommandExecutor.execute(HttpCommandExecutor.java:158)
	at org.openqa.selenium.remote.service.DriverCommandExecutor.execute(DriverCommandExecutor.java:83)
	at org.openqa.selenium.remote.RemoteWebDriver.execute(RemoteWebDriver.java:552)
	at org.openqa.selenium.remote.RemoteWebElement.execute(RemoteWebElement.java:285)
	at org.openqa.selenium.remote.RemoteWebElement.click(RemoteWebElement.java:84)
	at org.openqa.selenium.support.pagefactory.internal.LocatingElementHandler.invoke(LocatingElementHandler.java:51)
	at jdk.proxy2/jdk.proxy2.$Proxy15.click(Unknown Source)
	at pomPkg.AdditionCalculator.clickOnSolveButton(AdditionCalculator.java:49)
	at testPkg.TestNgAdditionalCalculator.checkOnAdditionalCalci(TestNgAdditionalCalculator.java:72)
	at java.base/java.util.concurrent.ThreadPoolExecutor.runWorker(ThreadPoolExecutor.java:1136)
	at java.base/java.util.concurrent.ThreadPoolExecutor$Worker.run(ThreadPoolExecutor.java:635)
	at java.base/java.lang.Thread.run(Thread.java:833)
... Removed 15 stack frames</div></td></tr></table><p class="totop"><a href="#summary">back to summary</a></p>
<h3 id="m25">testPkg.TestNgStudyMaterial#checkOnAdditionalCalci</h3><table class="result"><tr><th>Exception</th></tr><tr><td><div class="stacktrace">org.openqa.selenium.ElementNotVisibleException: element not interactable
  (Session info: chrome=109.0.5414.120)
  (Driver info: operadriver=109.0.5414.120 (168eebf2055fd26ca8c71787b7b3f9fe7c90d13d-refs/branch-heads/5414@{#1459}),platform=Windows NT 10.0.19045 x86_64) (WARNING: The server did not provide any stacktrace information)
Command duration or timeout: 0 milliseconds
Build info: version: &apos;3.141.59&apos;, revision: &apos;e82be7d358&apos;, time: &apos;2018-11-14T08:17:03&apos;
System info: host: &apos;DESKTOP-GU03B2P&apos;, ip: &apos;192.168.96.111&apos;, os.name: &apos;Windows 10&apos;, os.arch: &apos;amd64&apos;, os.version: &apos;10.0&apos;, java.version: &apos;18.0.2.1&apos;
Driver info: org.openqa.selenium.opera.OperaDriver
Capabilities {acceptInsecureCerts: false, acceptSslCerts: false, browserConnectionEnabled: false, browserName: opera, cssSelectorsEnabled: true, databaseEnabled: false, goog:chromeOptions: {debuggerAddress: localhost:52229}, handlesAlerts: true, hasTouchScreen: false, javascriptEnabled: true, locationContextEnabled: true, mobileEmulationEnabled: false, nativeEvents: true, networkConnectionEnabled: false, opera: {operadriverVersion: 109.0.5414.120 (168eebf2055..., userDataDir: C:\Users\Admin\AppData\Loca...}, pageLoadStrategy: normal, platform: WINDOWS, platformName: WINDOWS, proxy: Proxy(), rotatable: false, setWindowRect: true, strictFileInteractability: false, takesHeapSnapshot: true, takesScreenshot: true, timeouts: {implicit: 0, pageLoad: 300000, script: 30000}, unexpectedAlertBehaviour: ignore, unhandledPromptBehavior: ignore, version: 109.0.5414.120, webStorageEnabled: true, webauthn:extension:credBlob: true, webauthn:extension:largeBlob: true, webauthn:virtualAuthenticators: true}
Session ID: a929fdae1cad8d45d51363b3f6cfc49d
	at org.openqa.selenium.remote.ErrorHandler.createThrowable(ErrorHandler.java:214)
	at org.openqa.selenium.remote.ErrorHandler.throwIfResponseFailed(ErrorHandler.java:166)
	at org.openqa.selenium.remote.http.JsonHttpResponseCodec.reconstructValue(JsonHttpResponseCodec.java:40)
	at org.openqa.selenium.remote.http.AbstractHttpResponseCodec.decode(AbstractHttpResponseCodec.java:80)
	at org.openqa.selenium.remote.http.AbstractHttpResponseCodec.decode(AbstractHttpResponseCodec.java:44)
	at org.openqa.selenium.remote.HttpCommandExecutor.execute(HttpCommandExecutor.java:158)
	at org.openqa.selenium.remote.service.DriverCommandExecutor.execute(DriverCommandExecutor.java:83)
	at org.openqa.selenium.remote.RemoteWebDriver.execute(RemoteWebDriver.java:552)
	at org.openqa.selenium.remote.RemoteWebElement.execute(RemoteWebElement.java:285)
	at org.openqa.selenium.remote.RemoteWebElement.click(RemoteWebElement.java:84)
	at org.openqa.selenium.support.pagefactory.internal.LocatingElementHandler.invoke(LocatingElementHandler.java:51)
	at jdk.proxy2/jdk.proxy2.$Proxy15.click(Unknown Source)
	at pomPkg.StudyMaterialPage.clickOnCalculatorButton(StudyMaterialPage.java:30)
	at testPkg.TestNgStudyMaterial.checkOnAdditionalCalci(TestNgStudyMaterial.java:69)
	at java.base/java.util.concurrent.ThreadPoolExecutor.runWorker(ThreadPoolExecutor.java:1136)
	at java.base/java.util.concurrent.ThreadPoolExecutor$Worker.run(ThreadPoolExecutor.java:635)
	at java.base/java.lang.Thread.run(Thread.java:833)
... Removed 15 stack frames</div></td></tr></table><p class="totop"><a href="#summary">back to summary</a></p>
<h3 id="m26">testPkg.TestNgMathsCalculator#checkOnAdditionalCalci</h3><table class="result"><tr><th class="invisible"/></tr></table><p class="totop"><a href="#summary">back to summary</a></p>
<h3 id="m27">testPkg.TestNgOnlineCalculator#checkOnAdditionalCalci</h3><table class="result"><tr><th class="invisible"/></tr></table><p class="totop"><a href="#summary">back to summary</a></p>
</body>
</html>
