<?xml version="1.0" encoding="UTF-8"?>
<!-- Generated by org.testng.reporters.JUnitXMLReporter -->
<testsuite ignored="0" hostname="DESKTOP-GU03B2P" failures="0" tests="4" name="ChromeTest" time="6.016" errors="0" timestamp="2023-02-08T09:50:34 IST">
  <testcase classname="testPkg.TestNgAdditionalCalculator" name="@BeforeTest OpenBrowser" time="5.699">
    <failure type="org.openqa.selenium.SessionNotCreatedException" message="session not created: This version of ChromeDriver only supports Chrome version 108
Current browser version is 110.0.5481.77 with binary path C:\Program Files\Google\Chrome\Application\chrome.exe
Build info: version: &amp;apos;3.141.59&amp;apos;, revision: &amp;apos;e82be7d358&amp;apos;, time: &amp;apos;2018-11-14T08:17:03&amp;apos;
System info: host: &amp;apos;DESKTOP-GU03B2P&amp;apos;, ip: &amp;apos;192.168.96.111&amp;apos;, os.name: &amp;apos;Windows 10&amp;apos;, os.arch: &amp;apos;amd64&amp;apos;, os.version: &amp;apos;10.0&amp;apos;, java.version: &amp;apos;18.0.2.1&amp;apos;
Driver info: driver.version: ChromeDriver
remote stacktrace: Backtrace:
	(No symbol) [0x00C6F243]
	(No symbol) [0x00BF7FD1]
	(No symbol) [0x00AED04D]
	(No symbol) [0x00B0F6B4]
	(No symbol) [0x00B0A97C]
	(No symbol) [0x00B082E9]
	(No symbol) [0x00B3F056]
	(No symbol) [0x00B3EB2A]
	(No symbol) [0x00B38386]
	(No symbol) [0x00B1163C]
	(No symbol) [0x00B1269D]
	GetHandleVerifier [0x00F09A22+2655074]
	GetHandleVerifier [0x00EFCA24+2601828]
	GetHandleVerifier [0x00D18C0A+619850]
	GetHandleVerifier [0x00D17830+614768]
	(No symbol) [0x00C005FC]
	(No symbol) [0x00C05968]
	(No symbol) [0x00C05A55]
	(No symbol) [0x00C1051B]
	BaseThreadInitThunk [0x754800F9+25]
	RtlGetAppContainerNamedObjectPath [0x77367BBE+286]
	RtlGetAppContainerNamedObjectPath [0x77367B8E+238]
">
      <![CDATA[org.openqa.selenium.SessionNotCreatedException: session not created: This version of ChromeDriver only supports Chrome version 108
Current browser version is 110.0.5481.77 with binary path C:\Program Files\Google\Chrome\Application\chrome.exe
Build info: version: '3.141.59', revision: 'e82be7d358', time: '2018-11-14T08:17:03'
System info: host: 'DESKTOP-GU03B2P', ip: '192.168.96.111', os.name: 'Windows 10', os.arch: 'amd64', os.version: '10.0', java.version: '18.0.2.1'
Driver info: driver.version: ChromeDriver
remote stacktrace: Backtrace:
(No symbol) [0x00C6F243]
(No symbol) [0x00BF7FD1]
(No symbol) [0x00AED04D]
(No symbol) [0x00B0F6B4]
(No symbol) [0x00B0A97C]
(No symbol) [0x00B082E9]
(No symbol) [0x00B3F056]
(No symbol) [0x00B3EB2A]
(No symbol) [0x00B38386]
(No symbol) [0x00B1163C]
(No symbol) [0x00B1269D]
GetHandleVerifier [0x00F09A22+2655074]
GetHandleVerifier [0x00EFCA24+2601828]
GetHandleVerifier [0x00D18C0A+619850]
GetHandleVerifier [0x00D17830+614768]
(No symbol) [0x00C005FC]
(No symbol) [0x00C05968]
(No symbol) [0x00C05A55]
(No symbol) [0x00C1051B]
BaseThreadInitThunk [0x754800F9+25]
RtlGetAppContainerNamedObjectPath [0x77367BBE+286]
RtlGetAppContainerNamedObjectPath [0x77367B8E+238]

at org.openqa.selenium.remote.W3CHandshakeResponse.lambda$errorHandler$0(W3CHandshakeResponse.java:62)
at org.openqa.selenium.remote.HandshakeResponse.lambda$getResponseFunction$0(HandshakeResponse.java:30)
at org.openqa.selenium.remote.ProtocolHandshake.lambda$createSession$0(ProtocolHandshake.java:126)
at java.base/java.util.stream.ReferencePipeline$3$1.accept(ReferencePipeline.java:197)
at java.base/java.util.Spliterators$ArraySpliterator.tryAdvance(Spliterators.java:1002)
at java.base/java.util.stream.ReferencePipeline.forEachWithCancel(ReferencePipeline.java:129)
at java.base/java.util.stream.AbstractPipeline.copyIntoWithCancel(AbstractPipeline.java:527)
at java.base/java.util.stream.AbstractPipeline.copyInto(AbstractPipeline.java:513)
at java.base/java.util.stream.AbstractPipeline.wrapAndCopyInto(AbstractPipeline.java:499)
at java.base/java.util.stream.FindOps$FindOp.evaluateSequential(FindOps.java:150)
at java.base/java.util.stream.AbstractPipeline.evaluate(AbstractPipeline.java:234)
at java.base/java.util.stream.ReferencePipeline.findFirst(ReferencePipeline.java:647)
at org.openqa.selenium.remote.ProtocolHandshake.createSession(ProtocolHandshake.java:128)
at org.openqa.selenium.remote.ProtocolHandshake.createSession(ProtocolHandshake.java:74)
at org.openqa.selenium.remote.HttpCommandExecutor.execute(HttpCommandExecutor.java:136)
at org.openqa.selenium.remote.service.DriverCommandExecutor.execute(DriverCommandExecutor.java:83)
at org.openqa.selenium.remote.RemoteWebDriver.execute(RemoteWebDriver.java:552)
at org.openqa.selenium.remote.RemoteWebDriver.startSession(RemoteWebDriver.java:213)
at org.openqa.selenium.remote.RemoteWebDriver.<init>(RemoteWebDriver.java:131)
at org.openqa.selenium.chrome.ChromeDriver.<init>(ChromeDriver.java:181)
at org.openqa.selenium.chrome.ChromeDriver.<init>(ChromeDriver.java:168)
at org.openqa.selenium.chrome.ChromeDriver.<init>(ChromeDriver.java:123)
at testPkg.TestNgAdditionalCalculator.OpenBrowser(TestNgAdditionalCalculator.java:32)
... Removed 25 stack frames]]>
    </failure>
  </testcase> <!-- @BeforeTest OpenBrowser -->
  <testcase classname="testPkg.TestNgMathsCalculator" name="@BeforeTest OpenBrowser" time="-1.675830034487E9">
    <skipped/>
  </testcase> <!-- @BeforeTest OpenBrowser -->
  <testcase classname="testPkg.TestNgOnlineCalculator" name="@BeforeTest OpenBrowser" time="-1.675830034497E9">
    <skipped/>
  </testcase> <!-- @BeforeTest OpenBrowser -->
  <testcase classname="testPkg.TestNgStudyMaterial" name="@BeforeTest OpenBrowser" time="-1.675830034517E9">
    <skipped/>
  </testcase> <!-- @BeforeTest OpenBrowser -->
  <testcase classname="testPkg.TestNgStudyMaterial" name="@BeforeMethod launchBrowser" time="-1.675830034606E9">
    <skipped/>
  </testcase> <!-- @BeforeMethod launchBrowser -->
  <testcase classname="testPkg.TestNgStudyMaterial" name="@AfterMethod closeCalci" time="-1.675830034635E9">
    <skipped/>
  </testcase> <!-- @AfterMethod closeCalci -->
  <testcase classname="testPkg.TestNgOnlineCalculator" name="@BeforeMethod launchBrowser" time="-1.675830034654E9">
    <skipped/>
  </testcase> <!-- @BeforeMethod launchBrowser -->
  <testcase classname="testPkg.TestNgOnlineCalculator" name="@AfterMethod closeCalci" time="-1.675830034667E9">
    <skipped/>
  </testcase> <!-- @AfterMethod closeCalci -->
  <testcase classname="testPkg.TestNgMathsCalculator" name="@BeforeMethod launchBrowser" time="-1.675830034684E9">
    <skipped/>
  </testcase> <!-- @BeforeMethod launchBrowser -->
  <testcase classname="testPkg.TestNgMathsCalculator" name="@AfterMethod closeCalci" time="-1.6758300347E9">
    <skipped/>
  </testcase> <!-- @AfterMethod closeCalci -->
  <testcase classname="testPkg.TestNgAdditionalCalculator" name="@BeforeMethod launchBrowser" time="-1.675830034705E9">
    <skipped/>
  </testcase> <!-- @BeforeMethod launchBrowser -->
  <testcase classname="testPkg.TestNgAdditionalCalculator" name="@AfterMethod closeCalci" time="-1.675830034722E9">
    <skipped/>
  </testcase> <!-- @AfterMethod closeCalci -->
  <testcase classname="testPkg.TestNgAdditionalCalculator" name="@AfterTest closetest" time="-1.675830034729E9">
    <skipped/>
  </testcase> <!-- @AfterTest closetest -->
  <testcase classname="testPkg.TestNgMathsCalculator" name="@AfterTest closetest" time="-1.675830034733E9">
    <skipped/>
  </testcase> <!-- @AfterTest closetest -->
  <testcase classname="testPkg.TestNgOnlineCalculator" name="@AfterTest closetest" time="-1.675830034735E9">
    <skipped/>
  </testcase> <!-- @AfterTest closetest -->
  <testcase classname="testPkg.TestNgStudyMaterial" name="@AfterTest closetest" time="-1.675830034738E9">
    <skipped/>
  </testcase> <!-- @AfterTest closetest -->
  <testcase classname="testPkg.TestNgStudyMaterial" name="checkOnAdditionalCalci" time="0.0">
    <skipped/>
  </testcase> <!-- checkOnAdditionalCalci -->
  <testcase classname="testPkg.TestNgOnlineCalculator" name="checkOnAdditionalCalci" time="0.0">
    <skipped/>
  </testcase> <!-- checkOnAdditionalCalci -->
  <testcase classname="testPkg.TestNgMathsCalculator" name="checkOnAdditionalCalci" time="0.0">
    <skipped/>
  </testcase> <!-- checkOnAdditionalCalci -->
  <testcase classname="testPkg.TestNgAdditionalCalculator" name="checkOnAdditionalCalci" time="0.0">
    <skipped/>
  </testcase> <!-- checkOnAdditionalCalci -->
</testsuite> <!-- ChromeTest -->
